<?xml version="1.0" encoding="UTF-8"?>
<!-- Generated by org.testng.reporters.JUnitReportReporter -->
<testsuite hostname="Lukis-MacBook-Air.local" failures="0" tests="1" name="moduittest.WebTest" time="7.809" errors="0" timestamp="2023-07-12T00:14:09 WIB" skipped="0">
  <testcase classname="moduittest.WebTest" name="testLogin" time="7.809"/>
  <system-out/>
</testsuite> <!-- moduittest.WebTest -->
